<?xml version="1.0" encoding="UTF-8"?>
<!-- Generated by org.testng.reporters.JUnitReportReporter -->
<testsuite skipped="0" hostname="DESKTOP-803K56V" name="com.OrangeHRM.testCases.TC001_Login_Test" tests="1" failures="0" timestamp="23 Apr 2022 19:47:11 GMT" time="2.538" errors="0">
  <testcase name="loginTest" time="2.538" classname="com.OrangeHRM.testCases.TC001_Login_Test"/>
</testsuite> <!-- com.OrangeHRM.testCases.TC001_Login_Test -->
